2025-04-15 17:32:28.433 [info] [main] Log level: Info
2025-04-15 17:32:28.433 [info] [main] Validating found git in: "git"
2025-04-15 17:32:28.433 [info] [main] Using git "2.47.2" from "git"
2025-04-15 17:32:28.433 [info] [Model][doInitialScan] Initial repository scan started
2025-04-15 17:32:28.433 [info] [Model][doInitialScan] Initial repository scan completed - repositories (0), closed repositories (0), parent repositories (0), unsafe repositories (0)
2025-04-15 17:33:01.378 [info] [main] Log level: Info
2025-04-15 17:33:01.378 [info] [main] Validating found git in: "git"
2025-04-15 17:33:01.378 [info] [main] Using git "2.47.2" from "git"
2025-04-15 17:33:01.378 [info] [Model][doInitialScan] Initial repository scan started
2025-04-15 17:33:01.378 [info] > git rev-parse --show-toplevel [6ms]
2025-04-15 17:33:01.378 [info] fatal: not a git repository (or any of the parent directories): .git
2025-04-15 17:33:01.378 [info] [Model][doInitialScan] Initial repository scan completed - repositories (0), closed repositories (0), parent repositories (0), unsafe repositories (0)
2025-04-15 17:33:01.518 [info] > git rev-parse --show-toplevel [2ms]
2025-04-15 17:33:01.518 [info] fatal: not a git repository (or any of the parent directories): .git
2025-04-15 17:33:04.605 [info] > git rev-parse --show-toplevel [1ms]
2025-04-15 17:33:04.605 [info] fatal: not a git repository (or any of the parent directories): .git
2025-04-15 17:34:34.061 [info] > git rev-parse --show-toplevel [2ms]
2025-04-15 17:34:34.061 [info] fatal: not a git repository (or any of the parent directories): .git
2025-04-15 17:34:40.158 [info] > git rev-parse --show-toplevel [2ms]
2025-04-15 17:34:40.158 [info] fatal: not a git repository (or any of the parent directories): .git
2025-04-15 17:34:40.247 [info] > git rev-parse --show-toplevel [16ms]
2025-04-15 17:34:40.247 [info] fatal: not a git repository (or any of the parent directories): .git
2025-04-15 17:35:30.349 [info] > git rev-parse --show-toplevel [1ms]
2025-04-15 17:35:30.349 [info] fatal: not a git repository (or any of the parent directories): .git
2025-04-15 17:35:35.029 [info] > git rev-parse --show-toplevel [1ms]
2025-04-15 17:35:35.029 [info] fatal: not a git repository (or any of the parent directories): .git
2025-04-15 17:35:42.712 [info] > git rev-parse --show-toplevel [1ms]
2025-04-15 17:35:42.712 [info] fatal: not a git repository (or any of the parent directories): .git
2025-04-15 17:35:43.779 [info] > git rev-parse --show-toplevel [2ms]
2025-04-15 17:35:43.779 [info] fatal: not a git repository (or any of the parent directories): .git
2025-04-15 17:35:47.631 [info] > git rev-parse --show-toplevel [3ms]
2025-04-15 17:35:47.631 [info] fatal: not a git repository (or any of the parent directories): .git
