2025-04-15 17:32:28.213 [info] Reading sessions from keychain...
2025-04-15 17:32:28.213 [info] Getting sessions for all scopes...
2025-04-15 17:32:28.213 [info] Getting sessions for all scopes...
2025-04-15 17:32:28.213 [info] Getting sessions for all scopes...
2025-04-15 17:32:28.223 [info] Getting sessions for all scopes...
2025-04-15 17:32:28.224 [info] Getting sessions for all scopes...
2025-04-15 17:32:28.224 [info] Getting sessions for all scopes...
2025-04-15 17:32:28.224 [info] Getting sessions for all scopes...
2025-04-15 17:32:28.224 [info] Getting sessions for all scopes...
2025-04-15 17:32:36.494 [info] Got 0 sessions for ...
2025-04-15 17:32:36.494 [info] Got 0 sessions for ...
2025-04-15 17:32:36.494 [info] Got 0 sessions for ...
2025-04-15 17:32:36.494 [info] Got 0 sessions for ...
2025-04-15 17:32:36.494 [info] Got 0 sessions for ...
2025-04-15 17:32:36.494 [info] Got 0 sessions for ...
2025-04-15 17:32:36.494 [info] Got 0 sessions for ...
2025-04-15 17:32:36.494 [info] Got 0 sessions for ...
2025-04-15 17:32:36.569 [info] Getting sessions for all scopes...
2025-04-15 17:32:36.569 [info] Got 0 sessions for ...
2025-04-15 17:32:58.804 [info] Reading sessions from keychain...
2025-04-15 17:32:58.804 [info] Getting sessions for all scopes...
2025-04-15 17:32:58.804 [info] Getting sessions for all scopes...
2025-04-15 17:32:58.824 [info] Getting sessions for all scopes...
2025-04-15 17:32:58.824 [info] Getting sessions for all scopes...
2025-04-15 17:32:58.825 [info] Getting sessions for all scopes...
2025-04-15 17:32:58.825 [info] Getting sessions for all scopes...
2025-04-15 17:32:58.825 [info] Getting sessions for all scopes...
2025-04-15 17:32:58.827 [info] Got 0 sessions for ...
2025-04-15 17:32:58.827 [info] Got 0 sessions for ...
2025-04-15 17:32:58.827 [info] Got 0 sessions for ...
2025-04-15 17:32:58.827 [info] Got 0 sessions for ...
2025-04-15 17:32:58.827 [info] Got 0 sessions for ...
2025-04-15 17:32:58.827 [info] Got 0 sessions for ...
2025-04-15 17:32:58.827 [info] Got 0 sessions for ...
2025-04-15 17:33:00.533 [info] Getting sessions for all scopes...
2025-04-15 17:33:00.533 [info] Got 0 sessions for ...
2025-04-15 17:33:17.065 [info] Getting sessions for user:email...
2025-04-15 17:33:17.065 [info] Got 0 sessions for user:email...
