2025-04-15 17:46:39.071 [info] Extension host with pid 48577 started
2025-04-15 17:46:39.071 [info] Skipping acquiring lock for /home/imran/.config/Code/User/workspaceStorage/fafb204ebf170e6dd70cdcedcc510180.
2025-04-15 17:46:39.297 [info] ExtensionService#_doActivateExtension vscode.github-authentication, startup: false, activationEvent: 'onAuthenticationRequest:github'
2025-04-15 17:46:39.322 [info] ExtensionService#_doActivateExtension vscode.emmet, startup: false, activationEvent: 'onLanguage'
2025-04-15 17:46:39.342 [info] ExtensionService#_doActivateExtension ms-python.python, startup: false, activationEvent: 'onLanguage:python', root cause: ms-python.debugpy
2025-04-15 17:46:39.712 [info] ExtensionService#_doActivateExtension ms-python.debugpy, startup: false, activationEvent: 'onLanguage:python'
2025-04-15 17:46:39.758 [info] ExtensionService#_doActivateExtension ms-python.vscode-pylance, startup: false, activationEvent: 'onLanguage:python'
2025-04-15 17:46:40.232 [info] ExtensionService#_doActivateExtension vscode.git-base, startup: true, activationEvent: '*', root cause: vscode.git
2025-04-15 17:46:40.252 [info] ExtensionService#_doActivateExtension vscode.git, startup: true, activationEvent: '*'
2025-04-15 17:46:40.310 [info] ExtensionService#_doActivateExtension vscode.github, startup: true, activationEvent: '*'
2025-04-15 17:46:40.458 [info] Eager extensions activated
2025-04-15 17:46:40.514 [info] ExtensionService#_doActivateExtension vscode.debug-auto-launch, startup: false, activationEvent: 'onStartupFinished'
2025-04-15 17:46:40.517 [info] ExtensionService#_doActivateExtension vscode.merge-conflict, startup: false, activationEvent: 'onStartupFinished'
2025-04-15 17:46:40.537 [info] ExtensionService#_doActivateExtension vscodevim.vim, startup: false, activationEvent: 'onStartupFinished'
2025-04-15 17:46:41.026 [info] ExtensionService#_doActivateExtension vscode.microsoft-authentication, startup: false, activationEvent: 'onAuthenticationRequest:microsoft'
2025-04-15 17:46:41.652 [info] ExtensionService#_doActivateExtension vscode.configuration-editing, startup: false, activationEvent: 'onLanguage:jsonc'
2025-04-15 17:46:41.668 [info] ExtensionService#_doActivateExtension vscode.json-language-features, startup: false, activationEvent: 'onLanguage:jsonc'
2025-04-15 17:46:41.761 [info] ExtensionService#_doActivateExtension vscode.typescript-language-features, startup: false, activationEvent: 'onLanguage:jsonc'
2025-04-15 17:46:41.839 [error] Error: ENOENT: no such file or directory, open '/home/imran/.config/Code/User/globalStorage/vscodevim.vim/.registers'
2025-04-15 17:46:49.349 [info] Extension host terminating: renderer closed the MessagePort
2025-04-15 17:46:49.378 [error] Error: ENOENT: no such file or directory, open '/home/imran/.config/Code/User/globalStorage/vscodevim.vim/.registers'
2025-04-15 17:46:49.380 [info] Extension host with pid 48577 exiting with code 0
