2025-04-20 20:36:14.942 [info] Extension host with pid 1516208 started
2025-04-20 20:36:14.942 [info] Skipping acquiring lock for /home/imran/.config/Code/User/workspaceStorage/fafb204ebf170e6dd70cdcedcc510180.
2025-04-20 20:36:15.514 [info] ExtensionService#_doActivateExtension vscode.github-authentication, startup: false, activationEvent: 'onAuthenticationRequest:github'
2025-04-20 20:36:15.558 [info] ExtensionService#_doActivateExtension vscode.emmet, startup: false, activationEvent: 'onLanguage'
2025-04-20 20:36:15.585 [info] ExtensionService#_doActivateExtension ms-python.python, startup: false, activationEvent: 'onLanguage:python', root cause: ms-python.debugpy
2025-04-20 20:36:16.097 [info] ExtensionService#_doActivateExtension ms-python.debugpy, startup: false, activationEvent: 'onLanguage:python'
2025-04-20 20:36:16.161 [info] ExtensionService#_doActivateExtension ms-python.vscode-pylance, startup: false, activationEvent: 'onLanguage:python'
2025-04-20 20:36:16.704 [info] ExtensionService#_doActivateExtension vscode.git-base, startup: true, activationEvent: '*', root cause: vscode.git
2025-04-20 20:36:16.726 [info] ExtensionService#_doActivateExtension vscode.git, startup: true, activationEvent: '*'
2025-04-20 20:36:16.810 [info] ExtensionService#_doActivateExtension vscode.github, startup: true, activationEvent: '*'
2025-04-20 20:36:16.927 [info] Eager extensions activated
2025-04-20 20:36:17.043 [info] ExtensionService#_doActivateExtension vscode.debug-auto-launch, startup: false, activationEvent: 'onStartupFinished'
2025-04-20 20:36:17.048 [info] ExtensionService#_doActivateExtension vscode.merge-conflict, startup: false, activationEvent: 'onStartupFinished'
2025-04-20 20:36:21.533 [info] ExtensionService#_doActivateExtension vscode.microsoft-authentication, startup: false, activationEvent: 'onAuthenticationRequest:microsoft'
2025-04-20 20:36:22.553 [info] ExtensionService#_doActivateExtension vscode.configuration-editing, startup: false, activationEvent: 'onLanguage:jsonc'
2025-04-20 20:36:22.562 [info] ExtensionService#_doActivateExtension vscode.json-language-features, startup: false, activationEvent: 'onLanguage:jsonc'
2025-04-20 20:36:22.636 [info] ExtensionService#_doActivateExtension vscode.typescript-language-features, startup: false, activationEvent: 'onLanguage:jsonc'
2025-04-20 20:36:25.101 [error] Error: Pending response rejected since connection got disposed
	at Object.dispose (/home/imran/.vscode/extensions/ms-python.python-2025.4.0-linux-x64/out/client/extension.js:2:1971107)
	at Object.dispose (/home/imran/.vscode/extensions/ms-python.python-2025.4.0-linux-x64/out/client/extension.js:2:2033640)
	at /home/imran/.vscode/extensions/ms-python.python-2025.4.0-linux-x64/out/client/extension.js:2:2029206
	at async Object.stop (/home/imran/.vscode/extensions/ms-python.vscode-pylance-2025.4.1/dist/extension.bundle.js:1:148334)
	at async _0x317b05._stopClient (/home/imran/.vscode/extensions/ms-python.vscode-pylance-2025.4.1/dist/extension.bundle.js:1:84052)
	at async _0x317b05._createNewRequest (/home/imran/.vscode/extensions/ms-python.vscode-pylance-2025.4.1/dist/extension.bundle.js:1:83258)
	at async _0x317b05._enqueueRequestAndWaitForRun (/home/imran/.vscode/extensions/ms-python.vscode-pylance-2025.4.1/dist/extension.bundle.js:1:83000)
	at async _0x317b05.restartClient (/home/imran/.vscode/extensions/ms-python.vscode-pylance-2025.4.1/dist/extension.bundle.js:1:82673)
2025-04-20 20:36:25.559 [error] Error: Client is not running
	at P.sendRequest (/home/imran/.vscode/extensions/ms-python.python-2025.4.0-linux-x64/out/client/extension.js:2:2016158)
	at Object._0x45a17d [as sendRequest] (/home/imran/.vscode/extensions/ms-python.vscode-pylance-2025.4.1/dist/extension.bundle.js:1:42352)
	at _0x5f416b.getConfigInfo (/home/imran/.vscode/extensions/ms-python.vscode-pylance-2025.4.1/dist/extension.bundle.js:1:181799)
	at _0x3ced2f._updateDiagnosticsInternal (/home/imran/.vscode/extensions/ms-python.vscode-pylance-2025.4.1/dist/extension.bundle.js:1:193721)
	at o (/home/imran/.vscode/extensions/ms-python.vscode-pylance-2025.4.1/dist/vendor.bundle.js:2:2166342)
	at u (/home/imran/.vscode/extensions/ms-python.vscode-pylance-2025.4.1/dist/vendor.bundle.js:2:2166549)
	at Timeout.r [as _onTimeout] (/home/imran/.vscode/extensions/ms-python.vscode-pylance-2025.4.1/dist/vendor.bundle.js:2:2166451)
	at listOnTimeout (node:internal/timers:581:17)
	at process.processTimers (node:internal/timers:519:7)
2025-04-20 20:36:26.464 [error] Error: Client is not running
	at P.sendRequest (/home/imran/.vscode/extensions/ms-python.python-2025.4.0-linux-x64/out/client/extension.js:2:2016158)
	at Object._0x45a17d [as sendRequest] (/home/imran/.vscode/extensions/ms-python.vscode-pylance-2025.4.1/dist/extension.bundle.js:1:42352)
	at _0x5f416b.getConfigInfo (/home/imran/.vscode/extensions/ms-python.vscode-pylance-2025.4.1/dist/extension.bundle.js:1:181799)
	at _0x3ced2f._updateDiagnosticsInternal (/home/imran/.vscode/extensions/ms-python.vscode-pylance-2025.4.1/dist/extension.bundle.js:1:193721)
	at o (/home/imran/.vscode/extensions/ms-python.vscode-pylance-2025.4.1/dist/vendor.bundle.js:2:2166342)
	at u (/home/imran/.vscode/extensions/ms-python.vscode-pylance-2025.4.1/dist/vendor.bundle.js:2:2166549)
	at Timeout.r [as _onTimeout] (/home/imran/.vscode/extensions/ms-python.vscode-pylance-2025.4.1/dist/vendor.bundle.js:2:2166451)
	at listOnTimeout (node:internal/timers:581:17)
	at process.processTimers (node:internal/timers:519:7)
2025-04-20 20:39:00.021 [info] Extension host terminating: renderer closed the MessagePort
2025-04-20 20:39:00.067 [info] Extension host with pid 1516208 exiting with code 0
