2025-04-15 17:34:40.706 [info] Experiment 'pythonRecommendTensorboardExt' is active
2025-04-15 17:34:40.706 [info] Experiment 'pythonSurveyNotificationcf' is active
2025-04-15 17:34:40.706 [info] Experiment 'pythonTerminalEnvVarActivation' is active
2025-04-15 17:34:40.722 [warning] Dir "/home/imran/Desktop/Code/.pixi/envs" is not watchable (directory does not exist)
2025-04-15 17:34:40.758 [info] Starting Environment refresh
2025-04-15 17:34:40.758 [info] Searching for interpreters in posix paths locator
2025-04-15 17:34:40.766 [info] Searching for pyenv environments
2025-04-15 17:34:40.766 [info] Searching for conda environments
2025-04-15 17:34:40.766 [info] Searching for global virtual environments
2025-04-15 17:34:40.766 [info] Searching for custom virtual environments
2025-04-15 17:34:40.775 [info] pyenv is not installed
2025-04-15 17:34:40.775 [info] Finished searching for pyenv environments: 16 milliseconds
2025-04-15 17:34:40.776 [info] Finished searching for custom virtual envs: 16 milliseconds
2025-04-15 17:34:40.783 [info] > conda info --json
2025-04-15 17:34:40.791 [info] > hatch env show --json
2025-04-15 17:34:40.792 [info] cwd: .
2025-04-15 17:34:40.802 [info] > pyenv which python
2025-04-15 17:34:40.802 [info] cwd: .
2025-04-15 17:34:40.802 [info] Finished searching for global virtual envs: 42 milliseconds
2025-04-15 17:34:40.810 [info] Found: /run/current-system/sw/bin/python --> /nix/store/dzi9r3xn0ny4l4gwnyqpncljq40pdk6f-python3-3.12.8/bin/python3.12
2025-04-15 17:34:40.810 [info] Found: /run/current-system/sw/bin/python3 --> /nix/store/dzi9r3xn0ny4l4gwnyqpncljq40pdk6f-python3-3.12.8/bin/python3.12
2025-04-15 17:34:40.810 [info] Found: /run/current-system/sw/bin/python3.12 --> /nix/store/dzi9r3xn0ny4l4gwnyqpncljq40pdk6f-python3-3.12.8/bin/python3.12
2025-04-15 17:34:40.810 [info] Finished searching for interpreters in posix paths locator: 54 milliseconds
2025-04-15 17:34:40.823 [info] > /run/current-system/sw/bin/python -I ~/.vscode/extensions/ms-python.python-2025.4.0-linux-x64/python_files/get_output_via_markers.py ~/.vscode/extensions/ms-python.python-2025.4.0-linux-x64/python_files/interpreterInfo.py
2025-04-15 17:34:40.823 [info] Environments refresh paths discovered (event): 67 milliseconds
2025-04-15 17:34:40.823 [info] Environments refresh paths discovered: 68 milliseconds
2025-04-15 17:34:40.882 [info] Environments refresh finished (event): 127 milliseconds
2025-04-15 17:34:41.482 [info] Environment refresh took 727 milliseconds
2025-04-15 17:34:41.496 [info] Python interpreter path: /run/current-system/sw/bin/python
2025-04-15 17:34:41.929 [info] Shell integration status changed, can confirm it's working.
2025-04-15 17:34:42.474 [info] Starting Pylance language server.
2025-04-15 17:36:28.392 [info] CreateEnv Trigger - Skipping for /home/imran/Desktop/Code/demo (2-17-2025).py
2025-04-15 17:36:28.621 [info] Discover tests for workspace name: Code - uri: /home/imran/Desktop/Code/demo (2-17-2025).py
