2025-04-15 17:32:27.774 [info] [AutoSync] Using settings sync service https://vscode-sync.trafficmanager.net/
2025-04-15 17:32:27.774 [info] [AutoSync] Disabled.
2025-04-15 17:34:31.945 [info] Sync started.
2025-04-15 17:34:32.027 [info] Did reset the local sync state.
2025-04-15 17:34:32.032 [info] Settings: Last sync data state does not exist.
2025-04-15 17:34:32.060 [info] Settings: Last sync data state does not exist.
2025-04-15 17:34:32.130 [info] Keybindings: Last sync data state does not exist.
2025-04-15 17:34:32.160 [info] Snippets: Last sync data state does not exist.
2025-04-15 17:34:32.187 [info] Tasks: Last sync data state does not exist.
2025-04-15 17:34:32.210 [info] GlobalState: Last sync data state does not exist.
2025-04-15 17:34:32.257 [info] Extensions: Last sync data state does not exist.
2025-04-15 17:34:32.278 [info] GlobalState: Last sync data state does not exist.
2025-04-15 17:34:32.327 [info] Profiles: Last sync data state does not exist.
2025-04-15 17:34:32.346 [info] Profiles: Last sync data state does not exist.
2025-04-15 17:34:32.369 [info] Settings: Updated local settings
2025-04-15 17:34:32.381 [info] Settings: Updated last synchronized settings
2025-04-15 17:34:32.382 [info] Keybindings: No changes found during synchronizing keybindings.
2025-04-15 17:34:32.391 [info] Keybindings: Updated last synchronized keybindings
2025-04-15 17:34:32.392 [info] Snippets: No changes found during synchronizing snippets.
2025-04-15 17:34:32.400 [info] Snippets: Updated last synchronized snippets
2025-04-15 17:34:32.401 [info] Tasks: No changes found during synchronizing tasks.
2025-04-15 17:34:32.410 [info] Tasks: Updated last synchronized tasks
2025-04-15 17:34:32.419 [info] GlobalState: Updated global state ["workbench.welcomePage.walkthroughMetadata","workbench.statusbar.hidden","chatEditsView.hideMovedEditsView","nps/isCandidate","nps/skipVersion","workbench.view.extension.test.state.hidden","nps/lastSessionDate","nps/sessionCount","cpp.1.lastSessionDate","cpp.1.sessionCount","java.2.lastSessionDate","java.2.sessionCount","javascript.1.lastSessionDate","javascript.1.sessionCount","typescript.1.lastSessionDate","typescript.1.sessionCount","csharp.1.lastSessionDate","csharp.1.sessionCount","workbench.panel.alignment","memento/gettingStartedService","colorThemeData"]
2025-04-15 17:34:32.420 [info] GlobalState: Updated local ui state
2025-04-15 17:34:32.429 [info] GlobalState: Updated last synchronized ui state
2025-04-15 17:34:40.081 [info] Extensions: Installed extension. raunofreiberg.vesper 0.0.39
2025-04-15 17:34:40.081 [info] Extensions: Installed extension. ms-python.debugpy 2025.6.0
2025-04-15 17:34:40.081 [info] Extensions: Installed extension. ms-python.python 2025.4.0
2025-04-15 17:34:40.081 [info] Extensions: Installed extension. ms-python.vscode-pylance 2025.4.1
2025-04-15 17:34:40.096 [info] Extensions: Updated last synchronized extensions.
2025-04-15 17:34:40.098 [info] Profiles: No changes found during synchronizing profiles.
2025-04-15 17:34:40.109 [info] Profiles: Updated last synchronized profiles.
2025-04-15 17:34:40.110 [info] Sync done. Took 8167ms
2025-04-15 17:34:40.237 [info] [AutoSync] Triggered by Interval
2025-04-15 17:34:40.238 [info] Sync started.
2025-04-15 17:34:40.327 [info] Settings: No changes found during synchronizing settings.
2025-04-15 17:34:40.330 [info] Keybindings: No changes found during synchronizing keybindings.
2025-04-15 17:34:40.333 [info] Snippets: No changes found during synchronizing snippets.
2025-04-15 17:34:40.335 [info] Tasks: No changes found during synchronizing tasks.
2025-04-15 17:34:40.427 [info] GlobalState: Updated remote ui state. Added: fileBasedRecommendations/promptedRecommendations. Updated: memento/gettingStartedService.
2025-04-15 17:34:40.436 [info] GlobalState: Updated last synchronized ui state
2025-04-15 17:34:40.460 [info] Extensions: No changes found during synchronizing extensions.
2025-04-15 17:34:40.463 [info] Profiles: No changes found during synchronizing profiles.
2025-04-15 17:34:40.464 [info] Sync done. Took 228ms
2025-04-15 17:34:45.089 [info] [AutoSync] Triggered by Activity
2025-04-15 17:34:45.089 [info] Sync started.
2025-04-15 17:34:45.112 [info] Settings: No changes found during synchronizing settings.
2025-04-15 17:34:45.116 [info] Keybindings: No changes found during synchronizing keybindings.
2025-04-15 17:34:45.121 [info] Snippets: No changes found during synchronizing snippets.
2025-04-15 17:34:45.125 [info] Tasks: No changes found during synchronizing tasks.
2025-04-15 17:34:45.216 [info] GlobalState: Updated remote ui state. Updated: memento/gettingStartedService,workbench.welcomePage.walkthroughMetadata.
2025-04-15 17:34:45.225 [info] GlobalState: Updated last synchronized ui state
2025-04-15 17:34:45.255 [info] Extensions: No changes found during synchronizing extensions.
2025-04-15 17:34:45.260 [info] Profiles: No changes found during synchronizing profiles.
2025-04-15 17:34:45.262 [info] Sync done. Took 173ms
2025-04-15 17:35:28.663 [info] [AutoSync] Triggered by Activity
2025-04-15 17:35:28.664 [info] Sync started.
2025-04-15 17:35:28.682 [info] Settings: No changes found during synchronizing settings.
2025-04-15 17:35:28.684 [info] Keybindings: No changes found during synchronizing keybindings.
2025-04-15 17:35:28.687 [info] Snippets: No changes found during synchronizing snippets.
2025-04-15 17:35:28.689 [info] Tasks: No changes found during synchronizing tasks.
2025-04-15 17:35:28.691 [info] GlobalState: No changes found during synchronizing ui state.
2025-04-15 17:35:28.774 [info] Extensions: No changes found during synchronizing extensions.
2025-04-15 17:35:28.838 [info] Profiles: No changes found during synchronizing profiles.
2025-04-15 17:35:28.848 [info] Sync done. Took 184ms
2025-04-15 17:35:32.160 [info] [AutoSync] Triggered by Activity
2025-04-15 17:35:32.160 [info] Sync started.
2025-04-15 17:35:32.192 [info] Settings: No changes found during synchronizing settings.
2025-04-15 17:35:32.194 [info] Keybindings: No changes found during synchronizing keybindings.
2025-04-15 17:35:32.196 [info] Snippets: No changes found during synchronizing snippets.
2025-04-15 17:35:32.197 [info] Tasks: No changes found during synchronizing tasks.
2025-04-15 17:35:32.294 [info] GlobalState: Updated remote ui state. Added: workbench.view.extensions.state.hidden.
2025-04-15 17:35:32.308 [info] GlobalState: Updated last synchronized ui state
2025-04-15 17:35:32.358 [info] Extensions: No changes found during synchronizing extensions.
2025-04-15 17:35:32.359 [info] Profiles: No changes found during synchronizing profiles.
2025-04-15 17:35:32.360 [info] Sync done. Took 200ms
2025-04-15 17:35:42.575 [info] [AutoSync] Triggered by Activity
2025-04-15 17:35:42.575 [info] Sync started.
2025-04-15 17:35:42.595 [info] Settings: No changes found during synchronizing settings.
2025-04-15 17:35:42.599 [info] Keybindings: No changes found during synchronizing keybindings.
2025-04-15 17:35:42.601 [info] Snippets: No changes found during synchronizing snippets.
2025-04-15 17:35:42.604 [info] Tasks: No changes found during synchronizing tasks.
2025-04-15 17:35:42.686 [info] GlobalState: Updated remote ui state. Added: extensions.trustedPublishers.
2025-04-15 17:35:42.695 [info] GlobalState: Updated last synchronized ui state
2025-04-15 17:35:42.801 [info] Extensions: Updated remote extensions. Added: ["vscodevim.vim"].
2025-04-15 17:35:42.809 [info] Extensions: Updated last synchronized extensions.
2025-04-15 17:35:42.811 [info] Profiles: No changes found during synchronizing profiles.
2025-04-15 17:35:42.812 [info] Sync done. Took 237ms
2025-04-15 17:35:45.751 [info] [AutoSync] Triggered by Activity
2025-04-15 17:35:45.751 [info] Sync started.
2025-04-15 17:35:45.807 [info] Settings: No changes found during synchronizing settings.
2025-04-15 17:35:45.810 [info] Keybindings: No changes found during synchronizing keybindings.
2025-04-15 17:35:45.812 [info] Snippets: No changes found during synchronizing snippets.
2025-04-15 17:35:45.815 [info] Tasks: No changes found during synchronizing tasks.
2025-04-15 17:35:45.847 [info] GlobalState: No changes found during synchronizing ui state.
2025-04-15 17:35:45.871 [info] Extensions: No changes found during synchronizing extensions.
2025-04-15 17:35:45.872 [info] Profiles: No changes found during synchronizing profiles.
2025-04-15 17:35:45.873 [info] Sync done. Took 122ms
