2025-04-15 17:32:28.084 [info] Extension host with pid 38961 started
2025-04-15 17:32:28.148 [info] ExtensionService#_doActivateExtension vscode.github-authentication, startup: false, activationEvent: 'onAuthenticationRequest:github'
2025-04-15 17:32:28.224 [info] ExtensionService#_doActivateExtension vscode.git-base, startup: true, activationEvent: '*', root cause: vscode.git
2025-04-15 17:32:28.227 [info] ExtensionService#_doActivateExtension vscode.git, startup: true, activationEvent: '*'
2025-04-15 17:32:28.299 [info] ExtensionService#_doActivateExtension vscode.github, startup: true, activationEvent: '*'
2025-04-15 17:32:28.386 [info] Eager extensions activated
2025-04-15 17:32:28.397 [info] ExtensionService#_doActivateExtension vscode.debug-auto-launch, startup: false, activationEvent: 'onStartupFinished'
2025-04-15 17:32:28.399 [info] ExtensionService#_doActivateExtension vscode.merge-conflict, startup: false, activationEvent: 'onStartupFinished'
2025-04-15 17:32:50.094 [info] ExtensionService#_doActivateExtension vscode.configuration-editing, startup: false, activationEvent: 'onLanguage:jsonc'
2025-04-15 17:32:50.113 [info] ExtensionService#_doActivateExtension vscode.json-language-features, startup: false, activationEvent: 'onLanguage:jsonc'
2025-04-15 17:32:50.207 [info] ExtensionService#_doActivateExtension vscode.typescript-language-features, startup: false, activationEvent: 'onLanguage:jsonc'
2025-04-15 17:32:50.280 [info] ExtensionService#_doActivateExtension vscode.emmet, startup: false, activationEvent: 'onLanguage'
2025-04-15 17:32:57.464 [info] Extension host terminating: renderer closed the MessagePort
2025-04-15 17:32:57.491 [info] Extension host with pid 38961 exiting with code 0
2025-04-15 17:32:58.697 [info] Extension host with pid 39381 started
2025-04-15 17:32:58.697 [info] Skipping acquiring lock for /home/imran/.config/Code/User/workspaceStorage/fafb204ebf170e6dd70cdcedcc510180.
2025-04-15 17:32:58.714 [info] ExtensionService#_doActivateExtension vscode.github-authentication, startup: false, activationEvent: 'onAuthenticationRequest:github'
2025-04-15 17:32:58.825 [info] ExtensionService#_doActivateExtension vscode.git-base, startup: true, activationEvent: '*'
2025-04-15 17:32:58.845 [info] ExtensionService#_doActivateExtension vscode.github, startup: true, activationEvent: '*'
2025-04-15 17:32:58.892 [info] Eager extensions activated
2025-04-15 17:32:58.950 [info] ExtensionService#_doActivateExtension vscode.debug-auto-launch, startup: false, activationEvent: 'onStartupFinished'
2025-04-15 17:32:58.953 [info] ExtensionService#_doActivateExtension vscode.merge-conflict, startup: false, activationEvent: 'onStartupFinished'
2025-04-15 17:33:01.235 [info] ExtensionService#_doActivateExtension vscode.git, startup: false, activationEvent: 'api', root cause: vscode.github
2025-04-15 17:33:04.686 [info] ExtensionService#_doActivateExtension vscode.emmet, startup: false, activationEvent: 'onLanguage'
2025-04-15 17:33:17.072 [info] ExtensionService#_doActivateExtension vscode.microsoft-authentication, startup: false, activationEvent: 'onAuthenticationRequest:microsoft'
2025-04-15 17:34:32.100 [info] ExtensionService#_doActivateExtension vscode.configuration-editing, startup: false, activationEvent: 'onLanguage:jsonc'
2025-04-15 17:34:32.108 [info] ExtensionService#_doActivateExtension vscode.json-language-features, startup: false, activationEvent: 'onLanguage:jsonc'
2025-04-15 17:34:32.165 [info] ExtensionService#_doActivateExtension vscode.typescript-language-features, startup: false, activationEvent: 'onLanguage:jsonc'
2025-04-15 17:34:40.382 [info] ExtensionService#_doActivateExtension ms-python.python, startup: false, activationEvent: 'onLanguage:python', root cause: ms-python.debugpy
2025-04-15 17:34:40.834 [info] ExtensionService#_doActivateExtension ms-python.debugpy, startup: false, activationEvent: 'onLanguage:python'
2025-04-15 17:34:40.882 [info] ExtensionService#_doActivateExtension ms-python.vscode-pylance, startup: false, activationEvent: 'onLanguage:python'
2025-04-15 17:35:42.839 [info] ExtensionService#_doActivateExtension vscodevim.vim, startup: false, activationEvent: 'onStartupFinished'
2025-04-15 17:35:43.962 [error] Error: ENOENT: no such file or directory, open '/home/imran/.config/Code/User/globalStorage/vscodevim.vim/.registers'
2025-04-15 17:36:39.805 [info] Extension host terminating: renderer closed the MessagePort
2025-04-15 17:36:39.831 [error] Error: ENOENT: no such file or directory, open '/home/imran/.config/Code/User/globalStorage/vscodevim.vim/.registers'
2025-04-15 17:36:39.834 [info] Extension host with pid 39381 exiting with code 0
