2025-04-20 20:36:22.828 [info] Uninstalling extension from the profile: dracula-theme.theme-dracula@2.25.1 vscode-userdata:/home/imran/.vscode/extensions/extensions.json
2025-04-20 20:36:22.828 [info] Uninstalling extension from the profile: ms-python.debugpy@2025.6.0 vscode-userdata:/home/imran/.vscode/extensions/extensions.json
2025-04-20 20:36:22.828 [info] Uninstalling extension from the profile: ms-python.python@2025.4.0 vscode-userdata:/home/imran/.vscode/extensions/extensions.json
2025-04-20 20:36:22.828 [info] Uninstalling extension from the profile: ms-python.vscode-pylance@2025.4.1 vscode-userdata:/home/imran/.vscode/extensions/extensions.json
2025-04-20 20:36:22.828 [info] Uninstalling extension from the profile: raunofreiberg.vesper@0.0.39 vscode-userdata:/home/imran/.vscode/extensions/extensions.json
2025-04-20 20:36:22.838 [info] Uninstalling the extension without including packed extension dracula-theme.theme-dracula@2.25.1
2025-04-20 20:36:22.838 [info] Uninstalling the extension without checking dependents dracula-theme.theme-dracula@2.25.1
2025-04-20 20:36:22.840 [info] Uninstalling the extension without including packed extension ms-python.debugpy@2025.6.0
2025-04-20 20:36:22.840 [info] Uninstalling the extension without checking dependents ms-python.debugpy@2025.6.0
2025-04-20 20:36:22.841 [info] Uninstalling the extension without including packed extension ms-python.python@2025.4.0
2025-04-20 20:36:22.842 [info] Uninstalling the extension without checking dependents ms-python.python@2025.4.0
2025-04-20 20:36:22.843 [info] Uninstalling the extension without including packed extension ms-python.vscode-pylance@2025.4.1
2025-04-20 20:36:22.843 [info] Uninstalling the extension without checking dependents ms-python.vscode-pylance@2025.4.1
2025-04-20 20:36:22.843 [info] Uninstalling the extension without including packed extension raunofreiberg.vesper@0.0.39
2025-04-20 20:36:22.843 [info] Uninstalling the extension without checking dependents raunofreiberg.vesper@0.0.39
2025-04-20 20:36:22.857 [info] Marked extension as removed dracula-theme.theme-dracula-2.25.1
2025-04-20 20:36:22.874 [info] Marked extension as removed ms-python.debugpy-2025.6.0
2025-04-20 20:36:22.887 [info] Marked extension as removed ms-python.python-2025.4.0
2025-04-20 20:36:22.903 [info] Marked extension as removed ms-python.vscode-pylance-2025.4.1
2025-04-20 20:36:22.918 [info] Marked extension as removed raunofreiberg.vesper-0.0.39
2025-04-20 20:36:22.971 [info] Successfully uninstalled extension from the profile ms-python.debugpy@2025.6.0 vscode-userdata:/home/imran/.vscode/extensions/extensions.json
2025-04-20 20:36:22.972 [info] Successfully uninstalled extension from the profile ms-python.python@2025.4.0 vscode-userdata:/home/imran/.vscode/extensions/extensions.json
2025-04-20 20:36:22.977 [info] Successfully uninstalled extension from the profile raunofreiberg.vesper@0.0.39 vscode-userdata:/home/imran/.vscode/extensions/extensions.json
2025-04-20 20:36:22.980 [info] Successfully uninstalled extension from the profile ms-python.vscode-pylance@2025.4.1 vscode-userdata:/home/imran/.vscode/extensions/extensions.json
2025-04-20 20:36:22.984 [info] Successfully uninstalled extension from the profile dracula-theme.theme-dracula@2.25.1 vscode-userdata:/home/imran/.vscode/extensions/extensions.json
2025-04-20 20:36:50.639 [info] Getting Manifest... ms-python.python
2025-04-20 20:36:50.723 [info] Installing extension: ms-python.python {"isMachineScoped":false,"installPreReleaseVersion":false,"pinned":false,"profileLocation":{"$mid":1,"external":"vscode-userdata:/home/imran/.vscode/extensions/extensions.json","path":"/home/imran/.vscode/extensions/extensions.json","scheme":"vscode-userdata"},"isApplicationScoped":false,"productVersion":{"version":"1.98.2","date":"2025-03-12T13:32:45.399Z"}}
2025-04-20 20:36:50.942 [info] Getting Manifest... ms-python.vscode-pylance
2025-04-20 20:36:50.957 [info] Getting Manifest... ms-python.debugpy
2025-04-20 20:36:50.991 [info] Installing extension: ms-python.vscode-pylance {"isMachineScoped":false,"installPreReleaseVersion":false,"pinned":false,"profileLocation":{"$mid":1,"external":"vscode-userdata:/home/imran/.vscode/extensions/extensions.json","path":"/home/imran/.vscode/extensions/extensions.json","scheme":"vscode-userdata"},"isApplicationScoped":false,"productVersion":{"version":"1.98.2","date":"2025-03-12T13:32:45.399Z"},"context":{"dependecyOrPackExtensionInstall":true}}
2025-04-20 20:36:50.991 [info] Installing extension: ms-python.debugpy {"isMachineScoped":false,"installPreReleaseVersion":false,"pinned":false,"profileLocation":{"$mid":1,"external":"vscode-userdata:/home/imran/.vscode/extensions/extensions.json","path":"/home/imran/.vscode/extensions/extensions.json","scheme":"vscode-userdata"},"isApplicationScoped":false,"productVersion":{"version":"1.98.2","date":"2025-03-12T13:32:45.399Z"},"context":{"dependecyOrPackExtensionInstall":true}}
2025-04-20 20:36:51.013 [info] Removed the extension from removed list: ms-python.vscode-pylance
2025-04-20 20:36:51.440 [info] Extension signature verification result for ms-python.debugpy: UnknownError. Internal Code: 159. Executed: true. Duration: 58ms.
2025-04-20 20:36:51.478 [info] Extension signature verification result for ms-python.python: UnknownError. Internal Code: 159. Executed: true. Duration: 7ms.
2025-04-20 20:36:51.521 [info] Extension installed successfully: ms-python.vscode-pylance vscode-userdata:/home/imran/.vscode/extensions/extensions.json
2025-04-20 20:36:51.521 [info] Extension installed successfully: ms-python.debugpy vscode-userdata:/home/imran/.vscode/extensions/extensions.json
2025-04-20 20:36:51.521 [info] Extension installed successfully: ms-python.python vscode-userdata:/home/imran/.vscode/extensions/extensions.json
2025-04-20 20:37:09.371 [info] Getting Manifest... dracula-theme.theme-dracula
2025-04-20 20:37:09.428 [info] Installing extension: dracula-theme.theme-dracula {"isMachineScoped":false,"installPreReleaseVersion":false,"pinned":false,"profileLocation":{"$mid":1,"external":"vscode-userdata:/home/imran/.vscode/extensions/extensions.json","path":"/home/imran/.vscode/extensions/extensions.json","scheme":"vscode-userdata"},"isApplicationScoped":false,"productVersion":{"version":"1.98.2","date":"2025-03-12T13:32:45.399Z"}}
2025-04-20 20:37:09.475 [info] Removed the extension from removed list: dracula-theme.theme-dracula
2025-04-20 20:37:09.511 [info] Extension installed successfully: dracula-theme.theme-dracula vscode-userdata:/home/imran/.vscode/extensions/extensions.json
