2025-04-20 20:36:14.058 [info] [AutoSync] Using settings sync service https://vscode-sync.trafficmanager.net/
2025-04-20 20:36:14.058 [info] [AutoSync] Enabled.
2025-04-20 20:36:14.058 [info] [AutoSync] Suspended until auth token is available.
2025-04-20 20:36:22.418 [info] [AutoSync] Triggered by Interval
2025-04-20 20:36:22.418 [info] Sync started.
2025-04-20 20:36:22.582 [info] Settings: No changes found during synchronizing settings.
2025-04-20 20:36:22.590 [info] Keybindings: No changes found during synchronizing keybindings.
2025-04-20 20:36:22.594 [info] Snippets: No changes found during synchronizing snippets.
2025-04-20 20:36:22.596 [info] Tasks: No changes found during synchronizing tasks.
2025-04-20 20:36:22.693 [info] GlobalState: Updated remote ui state. Updated: cpp.1.lastSessionDate,cpp.1.sessionCount,java.2.lastSessionDate,java.2.sessionCount,javascript.1.lastSessionDate,javascript.1.sessionCount,typescript.1.lastSessionDate,typescript.1.sessionCount,csharp.1.lastSessionDate,csharp.1.sessionCount.
2025-04-20 20:36:22.703 [info] GlobalState: Updated last synchronized ui state
2025-04-20 20:36:22.971 [info] Extensions: Uninstalled local extension. ms-python.debugpy
2025-04-20 20:36:22.973 [info] Extensions: Uninstalled local extension. ms-python.python
2025-04-20 20:36:22.978 [info] Extensions: Uninstalled local extension. raunofreiberg.vesper
2025-04-20 20:36:22.980 [info] Extensions: Uninstalled local extension. ms-python.vscode-pylance
2025-04-20 20:36:22.984 [info] Extensions: Uninstalled local extension. dracula-theme.theme-dracula
2025-04-20 20:36:23.168 [info] Extensions: Updated last synchronized extensions.
2025-04-20 20:36:23.175 [info] Profiles: No changes found during synchronizing profiles.
2025-04-20 20:36:23.179 [info] Sync done. Took 763ms
2025-04-20 20:36:26.696 [info] [AutoSync] Triggered by Activity
2025-04-20 20:36:26.696 [info] Sync started.
2025-04-20 20:36:26.776 [info] Settings: Updated remote settings
2025-04-20 20:36:26.785 [info] Settings: Updated last synchronized settings
2025-04-20 20:36:26.788 [info] Keybindings: No changes found during synchronizing keybindings.
2025-04-20 20:36:26.790 [info] Snippets: No changes found during synchronizing snippets.
2025-04-20 20:36:26.797 [info] Tasks: No changes found during synchronizing tasks.
2025-04-20 20:36:26.908 [info] GlobalState: Updated remote ui state. Updated: colorThemeData.
2025-04-20 20:36:26.924 [info] GlobalState: Updated last synchronized ui state
2025-04-20 20:36:26.954 [info] Extensions: No changes found during synchronizing extensions.
2025-04-20 20:36:26.956 [info] Profiles: No changes found during synchronizing profiles.
2025-04-20 20:36:26.958 [info] Sync done. Took 264ms
2025-04-20 20:36:42.004 [info] [AutoSync] Triggered by Activity
2025-04-20 20:36:42.004 [info] Sync started.
2025-04-20 20:36:42.023 [info] Settings: No changes found during synchronizing settings.
2025-04-20 20:36:42.040 [info] Keybindings: No changes found during synchronizing keybindings.
2025-04-20 20:36:42.060 [info] Snippets: No changes found during synchronizing snippets.
2025-04-20 20:36:42.070 [info] Tasks: No changes found during synchronizing tasks.
2025-04-20 20:36:42.078 [info] GlobalState: No changes found during synchronizing ui state.
2025-04-20 20:36:42.102 [info] Extensions: No changes found during synchronizing extensions.
2025-04-20 20:36:42.105 [info] Profiles: No changes found during synchronizing profiles.
2025-04-20 20:36:42.106 [info] Sync done. Took 102ms
2025-04-20 20:36:54.607 [info] [AutoSync] Triggered by Activity
2025-04-20 20:36:54.607 [info] Sync started.
2025-04-20 20:36:54.661 [info] Settings: No changes found during synchronizing settings.
2025-04-20 20:36:54.664 [info] Keybindings: No changes found during synchronizing keybindings.
2025-04-20 20:36:54.666 [info] Snippets: No changes found during synchronizing snippets.
2025-04-20 20:36:54.669 [info] Tasks: No changes found during synchronizing tasks.
2025-04-20 20:36:54.671 [info] GlobalState: No changes found during synchronizing ui state.
2025-04-20 20:36:54.764 [info] Extensions: Updated remote extensions. Added: ["ms-python.debugpy","ms-python.python","ms-python.vscode-pylance"].
2025-04-20 20:36:54.773 [info] Extensions: Updated last synchronized extensions.
2025-04-20 20:36:54.775 [info] Profiles: No changes found during synchronizing profiles.
2025-04-20 20:36:54.776 [info] Sync done. Took 170ms
2025-04-20 20:37:09.603 [info] [AutoSync] Triggered by Activity
2025-04-20 20:37:09.604 [info] Sync started.
2025-04-20 20:37:09.633 [info] Settings: No changes found during synchronizing settings.
2025-04-20 20:37:09.637 [info] Keybindings: No changes found during synchronizing keybindings.
2025-04-20 20:37:09.639 [info] Snippets: No changes found during synchronizing snippets.
2025-04-20 20:37:09.642 [info] Tasks: No changes found during synchronizing tasks.
2025-04-20 20:37:09.646 [info] GlobalState: No changes found during synchronizing ui state.
2025-04-20 20:37:09.796 [info] Extensions: Updated remote extensions. Added: ["dracula-theme.theme-dracula"].
2025-04-20 20:37:09.805 [info] Extensions: Updated last synchronized extensions.
2025-04-20 20:37:09.807 [info] Profiles: No changes found during synchronizing profiles.
2025-04-20 20:37:09.810 [info] Sync done. Took 207ms
2025-04-20 20:37:13.134 [info] [AutoSync] Triggered by Activity
2025-04-20 20:37:13.134 [info] Sync started.
2025-04-20 20:37:13.157 [info] Settings: No changes found during synchronizing settings.
2025-04-20 20:37:13.159 [info] Keybindings: No changes found during synchronizing keybindings.
2025-04-20 20:37:13.162 [info] Snippets: No changes found during synchronizing snippets.
2025-04-20 20:37:13.164 [info] Tasks: No changes found during synchronizing tasks.
2025-04-20 20:37:13.166 [info] GlobalState: No changes found during synchronizing ui state.
2025-04-20 20:37:13.185 [info] Extensions: No changes found during synchronizing extensions.
2025-04-20 20:37:13.186 [info] Profiles: No changes found during synchronizing profiles.
2025-04-20 20:37:13.187 [info] Sync done. Took 53ms
2025-04-20 20:37:17.100 [info] [AutoSync] Triggered by Activity
2025-04-20 20:37:17.100 [info] Sync started.
2025-04-20 20:37:17.208 [info] Settings: Updated remote settings
2025-04-20 20:37:17.217 [info] Settings: Updated last synchronized settings
2025-04-20 20:37:17.219 [info] Keybindings: No changes found during synchronizing keybindings.
2025-04-20 20:37:17.222 [info] Snippets: No changes found during synchronizing snippets.
2025-04-20 20:37:17.227 [info] Tasks: No changes found during synchronizing tasks.
2025-04-20 20:37:17.336 [info] GlobalState: Updated remote ui state. Updated: colorThemeData.
2025-04-20 20:37:17.344 [info] GlobalState: Updated last synchronized ui state
2025-04-20 20:37:17.376 [info] Extensions: No changes found during synchronizing extensions.
2025-04-20 20:37:17.377 [info] Profiles: No changes found during synchronizing profiles.
2025-04-20 20:37:17.378 [info] Sync done. Took 279ms
2025-04-20 20:37:28.443 [info] [AutoSync] Triggered by Activity
2025-04-20 20:37:28.443 [info] Sync started.
2025-04-20 20:37:28.539 [info] Request failed {"url":"https://vscode-sync.trafficmanager.net/v1/resource/settings","status":412,"execution-id":"0774792f-7619-4878-923f-50a2184e6a67","operation-id":"b5afa3f618a34f9aa7bd057d164001c7"} Precondition failed
2025-04-20 20:37:28.539 [info] Settings: Failed to synchronize as there is a new remote version available. Synchronizing again...
2025-04-20 20:37:28.583 [info] Settings: No changes found during synchronizing settings.
2025-04-20 20:37:28.591 [info] Settings: Updated last synchronized settings
2025-04-20 20:37:28.592 [info] Keybindings: No changes found during synchronizing keybindings.
2025-04-20 20:37:28.594 [info] Snippets: No changes found during synchronizing snippets.
2025-04-20 20:37:28.596 [info] Tasks: No changes found during synchronizing tasks.
2025-04-20 20:37:28.677 [info] GlobalState: Updated remote ui state. Updated: colorThemeData.
2025-04-20 20:37:28.685 [info] GlobalState: Updated last synchronized ui state
2025-04-20 20:37:28.709 [info] Extensions: No changes found during synchronizing extensions.
2025-04-20 20:37:28.709 [info] Profiles: No changes found during synchronizing profiles.
2025-04-20 20:37:28.710 [info] Sync done. Took 268ms
2025-04-20 20:37:36.549 [info] [AutoSync] Triggered by Activity
2025-04-20 20:37:36.549 [info] Sync started.
2025-04-20 20:37:36.568 [info] Settings: No changes found during synchronizing settings.
2025-04-20 20:37:36.570 [info] Keybindings: No changes found during synchronizing keybindings.
2025-04-20 20:37:36.572 [info] Snippets: No changes found during synchronizing snippets.
2025-04-20 20:37:36.576 [info] Tasks: No changes found during synchronizing tasks.
2025-04-20 20:37:36.658 [info] GlobalState: Updated remote ui state. Updated: colorThemeData.
2025-04-20 20:37:36.667 [info] GlobalState: Updated last synchronized ui state
2025-04-20 20:37:36.698 [info] Extensions: No changes found during synchronizing extensions.
2025-04-20 20:37:36.699 [info] Profiles: No changes found during synchronizing profiles.
2025-04-20 20:37:36.701 [info] Sync done. Took 154ms
2025-04-20 20:37:44.101 [info] [AutoSync] Triggered by Activity
2025-04-20 20:37:44.101 [info] Sync started.
2025-04-20 20:37:44.127 [info] Settings: No changes found during synchronizing settings.
2025-04-20 20:37:44.129 [info] Keybindings: No changes found during synchronizing keybindings.
2025-04-20 20:37:44.132 [info] Snippets: No changes found during synchronizing snippets.
2025-04-20 20:37:44.134 [info] Tasks: No changes found during synchronizing tasks.
2025-04-20 20:37:44.215 [info] GlobalState: Updated remote ui state. Updated: colorThemeData.
2025-04-20 20:37:44.223 [info] GlobalState: Updated last synchronized ui state
2025-04-20 20:37:44.242 [info] Extensions: No changes found during synchronizing extensions.
2025-04-20 20:37:44.243 [info] Profiles: No changes found during synchronizing profiles.
2025-04-20 20:37:44.244 [info] Sync done. Took 143ms
2025-04-20 20:37:59.832 [info] [AutoSync] Triggered by Activity
2025-04-20 20:37:59.832 [info] Sync started.
2025-04-20 20:37:59.853 [info] Settings: No changes found during synchronizing settings.
2025-04-20 20:37:59.857 [info] Keybindings: No changes found during synchronizing keybindings.
2025-04-20 20:37:59.859 [info] Snippets: No changes found during synchronizing snippets.
2025-04-20 20:37:59.861 [info] Tasks: No changes found during synchronizing tasks.
2025-04-20 20:38:00.059 [info] GlobalState: Updated remote ui state. Updated: colorThemeData.
2025-04-20 20:38:00.069 [info] GlobalState: Updated last synchronized ui state
2025-04-20 20:38:00.094 [info] Extensions: No changes found during synchronizing extensions.
2025-04-20 20:38:00.097 [info] Profiles: No changes found during synchronizing profiles.
2025-04-20 20:38:00.098 [info] Sync done. Took 267ms
2025-04-20 20:38:03.611 [info] [AutoSync] Triggered by Activity
2025-04-20 20:38:03.611 [info] Sync started.
2025-04-20 20:38:03.668 [info] Settings: No changes found during synchronizing settings.
2025-04-20 20:38:03.676 [info] Keybindings: No changes found during synchronizing keybindings.
2025-04-20 20:38:03.686 [info] Snippets: No changes found during synchronizing snippets.
2025-04-20 20:38:03.695 [info] Tasks: No changes found during synchronizing tasks.
2025-04-20 20:38:03.701 [info] GlobalState: No changes found during synchronizing ui state.
2025-04-20 20:38:03.786 [info] Extensions: No changes found during synchronizing extensions.
2025-04-20 20:38:03.789 [info] Profiles: No changes found during synchronizing profiles.
2025-04-20 20:38:03.792 [info] Sync done. Took 182ms
2025-04-20 20:38:06.795 [info] [AutoSync] Triggered by Activity
2025-04-20 20:38:06.795 [info] Sync started.
2025-04-20 20:38:06.820 [info] Settings: No changes found during synchronizing settings.
2025-04-20 20:38:06.823 [info] Keybindings: No changes found during synchronizing keybindings.
2025-04-20 20:38:06.825 [info] Snippets: No changes found during synchronizing snippets.
2025-04-20 20:38:06.826 [info] Tasks: No changes found during synchronizing tasks.
2025-04-20 20:38:06.909 [info] GlobalState: Updated remote ui state. Updated: colorThemeData.
2025-04-20 20:38:06.921 [info] GlobalState: Updated last synchronized ui state
2025-04-20 20:38:06.946 [info] Extensions: No changes found during synchronizing extensions.
2025-04-20 20:38:06.947 [info] Profiles: No changes found during synchronizing profiles.
2025-04-20 20:38:06.948 [info] Sync done. Took 154ms
